# JRE version: OpenJDK Runtime Environment (8.0_442-b06) (build 1.8.0_442-b06)
# Java VM: OpenJDK 64-Bit Server VM (25.442-b06 mixed mode windows-amd64 compressed oops)
Heap:
 par new generation   total 314560K, used 131766K [0x00000000c0000000, 0x00000000d5550000, 0x00000000d5550000)
  eden space 279616K,  34% used [0x00000000c0000000, 0x00000000c5e8d968, 0x00000000d1110000)
  from space 34944K, 100% used [0x00000000d3330000, 0x00000000d5550000, 0x00000000d5550000)
  to   space 34944K,   0% used [0x00000000d1110000, 0x00000000d1110000, 0x00000000d3330000)
 concurrent mark-sweep generation total 699072K, used 101203K [0x00000000d5550000, 0x0000000100000000, 0x0000000100000000)
 Metaspace       used 43390K, capacity 43725K, committed 44200K, reserved 1087488K
  class space    used 5156K, capacity 5257K, committed 5328K, reserved 1048576K
GC Heap History (10 events):
Event: 18.637 GC heap after
Heap after GC invocations=15 (full 2):
 par new generation   total 314560K, used 3050K [0x00000000c0000000, 0x00000000d5550000, 0x00000000d5550000)
  eden space 279616K,   0% used [0x00000000c0000000, 0x00000000c0000000, 0x00000000d1110000)
  from space 34944K,   8% used [0x00000000d3330000, 0x00000000d362ab88, 0x00000000d5550000)
  to   space 34944K,   0% used [0x00000000d1110000, 0x00000000d1110000, 0x00000000d3330000)
 concurrent mark-sweep generation total 699072K, used 91178K [0x00000000d5550000, 0x0000000100000000, 0x0000000100000000)
 Metaspace       used 41601K, capacity 41899K, committed 42280K, reserved 1087488K
  class space    used 5037K, capacity 5150K, committed 5200K, reserved 1048576K
}
Event: 20.136 GC heap before
{Heap before GC invocations=15 (full 2):
 par new generation   total 314560K, used 282666K [0x00000000c0000000, 0x00000000d5550000, 0x00000000d5550000)
  eden space 279616K, 100% used [0x00000000c0000000, 0x00000000d1110000, 0x00000000d1110000)
  from space 34944K,   8% used [0x00000000d3330000, 0x00000000d362ab88, 0x00000000d5550000)
  to   space 34944K,   0% used [0x00000000d1110000, 0x00000000d1110000, 0x00000000d3330000)
 concurrent mark-sweep generation total 699072K, used 91178K [0x00000000d5550000, 0x0000000100000000, 0x0000000100000000)
 Metaspace       used 41783K, capacity 42091K, committed 42536K, reserved 1087488K
  class space    used 5050K, capacity 5150K, committed 5200K, reserved 1048576K
Event: 20.138 GC heap after
Heap after GC invocations=16 (full 2):
 par new generation   total 314560K, used 2423K [0x00000000c0000000, 0x00000000d5550000, 0x00000000d5550000)
  eden space 279616K,   0% used [0x00000000c0000000, 0x00000000c0000000, 0x00000000d1110000)
  from space 34944K,   6% used [0x00000000d1110000, 0x00000000d136de98, 0x00000000d3330000)
  to   space 34944K,   0% used [0x00000000d3330000, 0x00000000d3330000, 0x00000000d5550000)
 concurrent mark-sweep generation total 699072K, used 91182K [0x00000000d5550000, 0x0000000100000000, 0x0000000100000000)
 Metaspace       used 41783K, capacity 42091K, committed 42536K, reserved 1087488K
  class space    used 5050K, capacity 5150K, committed 5200K, reserved 1048576K
}
Event: 20.859 GC heap before
{Heap before GC invocations=16 (full 2):
 par new generation   total 314560K, used 140507K [0x00000000c0000000, 0x00000000d5550000, 0x00000000d5550000)
  eden space 279616K,  49% used [0x00000000c0000000, 0x00000000c86d8e38, 0x00000000d1110000)
  from space 34944K,   6% used [0x00000000d1110000, 0x00000000d136de98, 0x00000000d3330000)
  to   space 34944K,   0% used [0x00000000d3330000, 0x00000000d3330000, 0x00000000d5550000)
 concurrent mark-sweep generation total 699072K, used 91182K [0x00000000d5550000, 0x0000000100000000, 0x0000000100000000)
 Metaspace       used 41811K, capacity 42091K, committed 42536K, reserved 1087488K
  class space    used 5054K, capacity 5150K, committed 5200K, reserved 1048576K
Event: 20.965 GC heap after
Heap after GC invocations=17 (full 3):
 par new generation   total 314560K, used 0K [0x00000000c0000000, 0x00000000d5550000, 0x00000000d5550000)
  eden space 279616K,   0% used [0x00000000c0000000, 0x00000000c0000000, 0x00000000d1110000)
  from space 34944K,   0% used [0x00000000d1110000, 0x00000000d1110000, 0x00000000d3330000)
  to   space 34944K,   0% used [0x00000000d3330000, 0x00000000d3330000, 0x00000000d5550000)
 concurrent mark-sweep generation total 699072K, used 88768K [0x00000000d5550000, 0x0000000100000000, 0x0000000100000000)
 Metaspace       used 41811K, capacity 42091K, committed 42536K, reserved 1087488K
  class space    used 5054K, capacity 5150K, committed 5200K, reserved 1048576K
}
Event: 20.965 GC heap before
{Heap before GC invocations=17 (full 3):
 par new generation   total 314560K, used 6244K [0x00000000c0000000, 0x00000000d5550000, 0x00000000d5550000)
  eden space 279616K,   2% used [0x00000000c0000000, 0x00000000c0619050, 0x00000000d1110000)
  from space 34944K,   0% used [0x00000000d1110000, 0x00000000d1110000, 0x00000000d3330000)
  to   space 34944K,   0% used [0x00000000d3330000, 0x00000000d3330000, 0x00000000d5550000)
 concurrent mark-sweep generation total 699072K, used 88768K [0x00000000d5550000, 0x0000000100000000, 0x0000000100000000)
 Metaspace       used 41811K, capacity 42091K, committed 42536K, reserved 1087488K
  class space    used 5054K, capacity 5150K, committed 5200K, reserved 1048576K
Event: 21.026 GC heap after
Heap after GC invocations=18 (full 4):
 par new generation   total 314560K, used 0K [0x00000000c0000000, 0x00000000d5550000, 0x00000000d5550000)
  eden space 279616K,   0% used [0x00000000c0000000, 0x00000000c0000000, 0x00000000d1110000)
  from space 34944K,   0% used [0x00000000d1110000, 0x00000000d1110000, 0x00000000d3330000)
  to   space 34944K,   0% used [0x00000000d3330000, 0x00000000d3330000, 0x00000000d5550000)
 concurrent mark-sweep generation total 699072K, used 88769K [0x00000000d5550000, 0x0000000100000000, 0x0000000100000000)
 Metaspace       used 41811K, capacity 42091K, committed 42536K, reserved 1087488K
  class space    used 5054K, capacity 5150K, committed 5200K, reserved 1048576K
}
Event: 21.755 GC heap before
{Heap before GC invocations=18 (full 5):
 par new generation   total 314560K, used 279616K [0x00000000c0000000, 0x00000000d5550000, 0x00000000d5550000)
  eden space 279616K, 100% used [0x00000000c0000000, 0x00000000d1110000, 0x00000000d1110000)
  from space 34944K,   0% used [0x00000000d1110000, 0x00000000d1110000, 0x00000000d3330000)
  to   space 34944K,   0% used [0x00000000d3330000, 0x00000000d3330000, 0x00000000d5550000)
 concurrent mark-sweep generation total 699072K, used 88744K [0x00000000d5550000, 0x0000000100000000, 0x0000000100000000)
 Metaspace       used 42594K, capacity 42933K, committed 43304K, reserved 1087488K
  class space    used 5083K, capacity 5189K, committed 5200K, reserved 1048576K
Event: 21.763 GC heap after
Heap after GC invocations=19 (full 5):
 par new generation   total 314560K, used 34944K [0x00000000c0000000, 0x00000000d5550000, 0x00000000d5550000)
  eden space 279616K,   0% used [0x00000000c0000000, 0x00000000c0000000, 0x00000000d1110000)
  from space 34944K, 100% used [0x00000000d3330000, 0x00000000d5550000, 0x00000000d5550000)
  to   space 34944K,   0% used [0x00000000d1110000, 0x00000000d1110000, 0x00000000d3330000)
 concurrent mark-sweep generation total 699072K, used 101203K [0x00000000d5550000, 0x0000000100000000, 0x0000000100000000)
 Metaspace       used 42594K, capacity 42933K, committed 43304K, reserved 1087488K
  class space    used 5083K, capacity 5189K, committed 5200K, reserved 1048576K
}
Event: 21.918 GC heap before
{Heap before GC invocations=19 (full 5):
 par new generation   total 314560K, used 131766K [0x00000000c0000000, 0x00000000d5550000, 0x00000000d5550000)
  eden space 279616K,  34% used [0x00000000c0000000, 0x00000000c5e8d968, 0x00000000d1110000)
  from space 34944K, 100% used [0x00000000d3330000, 0x00000000d5550000, 0x00000000d5550000)
  to   space 34944K,   0% used [0x00000000d1110000, 0x00000000d1110000, 0x00000000d3330000)
 concurrent mark-sweep generation total 699072K, used 101203K [0x00000000d5550000, 0x0000000100000000, 0x0000000100000000)
 Metaspace       used 43390K, capacity 43725K, committed 44200K, reserved 1087488K
  class space    used 5156K, capacity 5257K, committed 5328K, reserved 1048576K

