# JRE version: OpenJDK Runtime Environment (8.0_442-b06) (build 1.8.0_442-b06)
# Java VM: OpenJDK 64-Bit Server VM (25.442-b06 mixed mode windows-amd64 compressed oops)
Heap:
 par new generation   total 314560K, used 149242K [0x00000000c0000000, 0x00000000d5550000, 0x00000000d5550000)
  eden space 279616K,  45% used [0x00000000c0000000, 0x00000000c7cf0e60, 0x00000000d1110000)
  from space 34944K,  60% used [0x00000000d1110000, 0x00000000d25dda88, 0x00000000d3330000)
  to   space 34944K,   0% used [0x00000000d3330000, 0x00000000d3330000, 0x00000000d5550000)
 concurrent mark-sweep generation total 699072K, used 66086K [0x00000000d5550000, 0x0000000100000000, 0x0000000100000000)
 Metaspace       used 36088K, capacity 36369K, committed 36824K, reserved 1081344K
  class space    used 4476K, capacity 4529K, committed 4560K, reserved 1048576K
GC Heap History (8 events):
Event: 1.399 GC heap before
{Heap before GC invocations=0 (full 0):
 par new generation   total 314560K, used 279616K [0x00000000c0000000, 0x00000000d5550000, 0x00000000d5550000)
  eden space 279616K, 100% used [0x00000000c0000000, 0x00000000d1110000, 0x00000000d1110000)
  from space 34944K,   0% used [0x00000000d1110000, 0x00000000d1110000, 0x00000000d3330000)
  to   space 34944K,   0% used [0x00000000d3330000, 0x00000000d3330000, 0x00000000d5550000)
 concurrent mark-sweep generation total 699072K, used 0K [0x00000000d5550000, 0x0000000100000000, 0x0000000100000000)
 Metaspace       used 27883K, capacity 28144K, committed 28268K, reserved 1073152K
  class space    used 3812K, capacity 3874K, committed 3900K, reserved 1048576K
Event: 1.407 GC heap after
Heap after GC invocations=1 (full 0):
 par new generation   total 314560K, used 34117K [0x00000000c0000000, 0x00000000d5550000, 0x00000000d5550000)
  eden space 279616K,   0% used [0x00000000c0000000, 0x00000000c0000000, 0x00000000d1110000)
  from space 34944K,  97% used [0x00000000d3330000, 0x00000000d5481778, 0x00000000d5550000)
  to   space 34944K,   0% used [0x00000000d1110000, 0x00000000d1110000, 0x00000000d3330000)
 concurrent mark-sweep generation total 699072K, used 0K [0x00000000d5550000, 0x0000000100000000, 0x0000000100000000)
 Metaspace       used 27883K, capacity 28144K, committed 28268K, reserved 1073152K
  class space    used 3812K, capacity 3874K, committed 3900K, reserved 1048576K
}
Event: 2.054 GC heap before
{Heap before GC invocations=1 (full 0):
 par new generation   total 314560K, used 313075K [0x00000000c0000000, 0x00000000d5550000, 0x00000000d5550000)
  eden space 279616K,  99% used [0x00000000c0000000, 0x00000000d106b4e0, 0x00000000d1110000)
  from space 34944K,  97% used [0x00000000d3330000, 0x00000000d5481778, 0x00000000d5550000)
  to   space 34944K,   0% used [0x00000000d1110000, 0x00000000d1110000, 0x00000000d3330000)
 concurrent mark-sweep generation total 699072K, used 0K [0x00000000d5550000, 0x0000000100000000, 0x0000000100000000)
 Metaspace       used 32431K, capacity 32679K, committed 32916K, reserved 1077248K
  class space    used 4177K, capacity 4264K, committed 4332K, reserved 1048576K
Event: 2.095 GC heap after
Heap after GC invocations=2 (full 0):
 par new generation   total 314560K, used 33369K [0x00000000c0000000, 0x00000000d5550000, 0x00000000d5550000)
  eden space 279616K,   0% used [0x00000000c0000000, 0x00000000c0000000, 0x00000000d1110000)
  from space 34944K,  95% used [0x00000000d1110000, 0x00000000d31a6768, 0x00000000d3330000)
  to   space 34944K,   0% used [0x00000000d3330000, 0x00000000d3330000, 0x00000000d5550000)
 concurrent mark-sweep generation total 699072K, used 43778K [0x00000000d5550000, 0x0000000100000000, 0x0000000100000000)
 Metaspace       used 32431K, capacity 32679K, committed 32916K, reserved 1077248K
  class space    used 4177K, capacity 4264K, committed 4332K, reserved 1048576K
}
Event: 2.678 GC heap before
{Heap before GC invocations=2 (full 1):
 par new generation   total 314560K, used 312985K [0x00000000c0000000, 0x00000000d5550000, 0x00000000d5550000)
  eden space 279616K, 100% used [0x00000000c0000000, 0x00000000d1110000, 0x00000000d1110000)
  from space 34944K,  95% used [0x00000000d1110000, 0x00000000d31a6768, 0x00000000d3330000)
  to   space 34944K,   0% used [0x00000000d3330000, 0x00000000d3330000, 0x00000000d5550000)
 concurrent mark-sweep generation total 699072K, used 43778K [0x00000000d5550000, 0x0000000100000000, 0x0000000100000000)
 Metaspace       used 35480K, capacity 35723K, committed 36160K, reserved 1081344K
  class space    used 4455K, capacity 4528K, committed 4560K, reserved 1048576K
Event: 2.692 GC heap after
Heap after GC invocations=3 (full 1):
 par new generation   total 314560K, used 22602K [0x00000000c0000000, 0x00000000d5550000, 0x00000000d5550000)
  eden space 279616K,   0% used [0x00000000c0000000, 0x00000000c0000000, 0x00000000d1110000)
  from space 34944K,  64% used [0x00000000d3330000, 0x00000000d4942860, 0x00000000d5550000)
  to   space 34944K,   0% used [0x00000000d1110000, 0x00000000d1110000, 0x00000000d3330000)
 concurrent mark-sweep generation total 699072K, used 66086K [0x00000000d5550000, 0x0000000100000000, 0x0000000100000000)
 Metaspace       used 35480K, capacity 35723K, committed 36160K, reserved 1081344K
  class space    used 4455K, capacity 4528K, committed 4560K, reserved 1048576K
}
Event: 3.105 GC heap before
{Heap before GC invocations=3 (full 1):
 par new generation   total 314560K, used 302218K [0x00000000c0000000, 0x00000000d5550000, 0x00000000d5550000)
  eden space 279616K, 100% used [0x00000000c0000000, 0x00000000d1110000, 0x00000000d1110000)
  from space 34944K,  64% used [0x00000000d3330000, 0x00000000d4942860, 0x00000000d5550000)
  to   space 34944K,   0% used [0x00000000d1110000, 0x00000000d1110000, 0x00000000d3330000)
 concurrent mark-sweep generation total 699072K, used 66086K [0x00000000d5550000, 0x0000000100000000, 0x0000000100000000)
 Metaspace       used 35938K, capacity 36177K, committed 36492K, reserved 1081344K
  class space    used 4475K, capacity 4529K, committed 4560K, reserved 1048576K
Event: 3.110 GC heap after
Heap after GC invocations=4 (full 1):
 par new generation   total 314560K, used 21302K [0x00000000c0000000, 0x00000000d5550000, 0x00000000d5550000)
  eden space 279616K,   0% used [0x00000000c0000000, 0x00000000c0000000, 0x00000000d1110000)
  from space 34944K,  60% used [0x00000000d1110000, 0x00000000d25dda88, 0x00000000d3330000)
  to   space 34944K,   0% used [0x00000000d3330000, 0x00000000d3330000, 0x00000000d5550000)
 concurrent mark-sweep generation total 699072K, used 66086K [0x00000000d5550000, 0x0000000100000000, 0x0000000100000000)
 Metaspace       used 35938K, capacity 36177K, committed 36492K, reserved 1081344K
  class space    used 4475K, capacity 4529K, committed 4560K, reserved 1048576K
}

